c:\users\sbi20\downloads\entorn vgi-mfc-vs2022 - gl4.6\entornvgi\x64\debug\entornvgi.pch
c:\users\sbi20\downloads\entorn vgi-mfc-vs2022 - gl4.6\entornvgi\x64\debug\vc143.pdb
c:\users\sbi20\downloads\entorn vgi-mfc-vs2022 - gl4.6\entornvgi\x64\debug\stdafx.obj
c:\users\sbi20\downloads\entorn vgi-mfc-vs2022 - gl4.6\entornvgi\x64\debug\objloader.obj
c:\users\sbi20\downloads\entorn vgi-mfc-vs2022 - gl4.6\entornvgi\x64\debug\entornvgidoc.obj
c:\users\sbi20\downloads\entorn vgi-mfc-vs2022 - gl4.6\entornvgi\x64\debug\escena.obj
c:\users\sbi20\downloads\entorn vgi-mfc-vs2022 - gl4.6\entornvgi\x64\debug\entornvgi.obj
c:\users\sbi20\downloads\entorn vgi-mfc-vs2022 - gl4.6\entornvgi\x64\debug\material.obj
c:\users\sbi20\downloads\entorn vgi-mfc-vs2022 - gl4.6\entornvgi\x64\debug\shader.obj
c:\users\sbi20\downloads\entorn vgi-mfc-vs2022 - gl4.6\entornvgi\x64\debug\entornvgiview.obj
c:\users\sbi20\downloads\entorn vgi-mfc-vs2022 - gl4.6\entornvgi\x64\debug\outputwnd.obj
c:\users\sbi20\downloads\entorn vgi-mfc-vs2022 - gl4.6\entornvgi\x64\debug\visualitzacio.obj
c:\users\sbi20\downloads\entorn vgi-mfc-vs2022 - gl4.6\entornvgi\x64\debug\mainfrm.obj
c:\users\sbi20\downloads\entorn vgi-mfc-vs2022 - gl4.6\entornvgi\x64\debug\glut_geometry.obj
c:\users\sbi20\downloads\entorn vgi-mfc-vs2022 - gl4.6\entornvgi\x64\debug\childfrm.obj
c:\users\sbi20\downloads\entorn vgi-mfc-vs2022 - gl4.6\entornvgi\x64\debug\propertieswnd.obj
c:\users\sbi20\downloads\entorn vgi-mfc-vs2022 - gl4.6\entornvgi\x64\debug\fileview.obj
c:\users\sbi20\downloads\entorn vgi-mfc-vs2022 - gl4.6\entornvgi\x64\debug\viewtree.obj
c:\users\sbi20\downloads\entorn vgi-mfc-vs2022 - gl4.6\entornvgi\x64\debug\classview.obj
c:\users\sbi20\downloads\entorn vgi-mfc-vs2022 - gl4.6\x64\debug\entornvgi.exe
c:\users\sbi20\downloads\entorn vgi-mfc-vs2022 - gl4.6\x64\debug\entornvgi.pdb
c:\users\sbi20\downloads\entorn vgi-mfc-vs2022 - gl4.6\entornvgi\x64\debug\entornvgi.res
c:\users\sbi20\downloads\entorn vgi-mfc-vs2022 - gl4.6\x64\debug\entornvgi.lib
c:\users\sbi20\downloads\entorn vgi-mfc-vs2022 - gl4.6\x64\debug\entornvgi.exp
c:\users\sbi20\downloads\entorn vgi-mfc-vs2022 - gl4.6\entornvgi\x64\debug\entornvgi.ilk
c:\users\lluc\desktop\vgi\entorn vgi-mfc-vs2022 - gl4.6\entornvgi\x64\debug\childfrm.obj
c:\users\lluc\desktop\vgi\entorn vgi-mfc-vs2022 - gl4.6\entornvgi\x64\debug\classview.obj
c:\users\lluc\desktop\vgi\entorn vgi-mfc-vs2022 - gl4.6\entornvgi\x64\debug\entornvgi.obj
c:\users\lluc\desktop\vgi\entorn vgi-mfc-vs2022 - gl4.6\entornvgi\x64\debug\entornvgidoc.obj
c:\users\lluc\desktop\vgi\entorn vgi-mfc-vs2022 - gl4.6\entornvgi\x64\debug\entornvgiview.obj
c:\users\lluc\desktop\vgi\entorn vgi-mfc-vs2022 - gl4.6\entornvgi\x64\debug\escena.obj
c:\users\lluc\desktop\vgi\entorn vgi-mfc-vs2022 - gl4.6\entornvgi\x64\debug\fileview.obj
c:\users\lluc\desktop\vgi\entorn vgi-mfc-vs2022 - gl4.6\entornvgi\x64\debug\glut_geometry.obj
c:\users\lluc\desktop\vgi\entorn vgi-mfc-vs2022 - gl4.6\entornvgi\x64\debug\mainfrm.obj
c:\users\lluc\desktop\vgi\entorn vgi-mfc-vs2022 - gl4.6\entornvgi\x64\debug\material.obj
c:\users\lluc\desktop\vgi\entorn vgi-mfc-vs2022 - gl4.6\entornvgi\x64\debug\objloader.obj
c:\users\lluc\desktop\vgi\entorn vgi-mfc-vs2022 - gl4.6\entornvgi\x64\debug\outputwnd.obj
c:\users\lluc\desktop\vgi\entorn vgi-mfc-vs2022 - gl4.6\entornvgi\x64\debug\propertieswnd.obj
c:\users\lluc\desktop\vgi\entorn vgi-mfc-vs2022 - gl4.6\entornvgi\x64\debug\shader.obj
c:\users\lluc\desktop\vgi\entorn vgi-mfc-vs2022 - gl4.6\entornvgi\x64\debug\stdafx.obj
c:\users\lluc\desktop\vgi\entorn vgi-mfc-vs2022 - gl4.6\entornvgi\x64\debug\viewtree.obj
c:\users\lluc\desktop\vgi\entorn vgi-mfc-vs2022 - gl4.6\entornvgi\x64\debug\visualitzacio.obj
c:\users\lluc\desktop\vgi\entorn vgi-mfc-vs2022 - gl4.6\entornvgi\x64\debug\entornvgi.ilk
c:\users\lluc\desktop\vgi\entorn vgi-mfc-vs2022 - gl4.6\entornvgi\x64\debug\entornvgi.res
c:\users\lluc\desktop\vgi\entorn vgi-mfc-vs2022 - gl4.6\entornvgi\x64\debug\entornvgi.pch
c:\users\lluc\desktop\vgi\entorn vgi-mfc-vs2022 - gl4.6\entornvgi\x64\debug\vc143.pdb
c:\users\lluc\desktop\vgi\entorn vgi-mfc-vs2022 - gl4.6\x64\debug\entornvgi.pdb
c:\users\lluc\desktop\vgi\entorn vgi-mfc-vs2022 - gl4.6\x64\debug\entornvgi.exe
c:\users\lluc\desktop\vgi\entorn vgi-mfc-vs2022 - gl4.6\entornvgi\x64\debug\entornvgi.tlog\cl.command.1.tlog
c:\users\lluc\desktop\vgi\entorn vgi-mfc-vs2022 - gl4.6\entornvgi\x64\debug\entornvgi.tlog\cl.items.tlog
c:\users\lluc\desktop\vgi\entorn vgi-mfc-vs2022 - gl4.6\entornvgi\x64\debug\entornvgi.tlog\cl.read.1.tlog
c:\users\lluc\desktop\vgi\entorn vgi-mfc-vs2022 - gl4.6\entornvgi\x64\debug\entornvgi.tlog\cl.write.1.tlog
c:\users\lluc\desktop\vgi\entorn vgi-mfc-vs2022 - gl4.6\entornvgi\x64\debug\entornvgi.tlog\link.command.1.tlog
c:\users\lluc\desktop\vgi\entorn vgi-mfc-vs2022 - gl4.6\entornvgi\x64\debug\entornvgi.tlog\link.read.1.tlog
c:\users\lluc\desktop\vgi\entorn vgi-mfc-vs2022 - gl4.6\entornvgi\x64\debug\entornvgi.tlog\link.secondary.1.tlog
c:\users\lluc\desktop\vgi\entorn vgi-mfc-vs2022 - gl4.6\entornvgi\x64\debug\entornvgi.tlog\link.write.1.tlog
c:\users\lluc\desktop\vgi\entorn vgi-mfc-vs2022 - gl4.6\entornvgi\x64\debug\entornvgi.tlog\rc.command.1.tlog
c:\users\lluc\desktop\vgi\entorn vgi-mfc-vs2022 - gl4.6\entornvgi\x64\debug\entornvgi.tlog\rc.read.1.tlog
c:\users\lluc\desktop\vgi\entorn vgi-mfc-vs2022 - gl4.6\entornvgi\x64\debug\entornvgi.tlog\rc.write.1.tlog
